0 info it worked if it ends with ok
1 verbose cli [ '/Users/dring/.nvm/versions/node/v0.12.5/bin/node',
1 verbose cli   '/Users/dring/.nvm/versions/node/v0.12.5/bin/npm',
1 verbose cli   'run',
1 verbose cli   'dev' ]
2 info using npm@2.11.2
3 info using node@v0.12.5
4 verbose config Skipping project config: /Users/dring/.npmrc. (matches userconfig)
5 verbose stack Error: ENOENT, open '/Users/dring/package.json'
5 verbose stack     at Error (native)
6 verbose cwd /Users/dring/src/github.com/dring1/gopheringdj
7 error Darwin 14.4.0
8 error argv "/Users/dring/.nvm/versions/node/v0.12.5/bin/node" "/Users/dring/.nvm/versions/node/v0.12.5/bin/npm" "run" "dev"
9 error node v0.12.5
10 error npm  v2.11.2
11 error path /Users/dring/package.json
12 error code ENOENT
13 error errno -2
14 error enoent ENOENT, open '/Users/dring/package.json'
14 error enoent This is most likely not a problem with npm itself
14 error enoent and is related to npm not being able to find a file.
15 verbose exit [ -2, true ]
